<?xml version="1.0" encoding="UTF-8"?>
<!-- Generated by org.testng.reporters.JUnitReportReporter -->
<testsuite hostname="LAPTOP-SLDDK136" failures="0" tests="1" name="com.framework1.Test1" time="4.545" errors="0" timestamp="2022-10-12T23:07:59 IST" skipped="0">
  <testcase classname="com.framework1.Test1" name="SubmitOrder" time="4.545"/>
  <system-out/>
</testsuite> <!-- com.framework1.Test1 -->
